<?xml version="1.0" encoding="UTF-8"?>
<!-- Generated by org.testng.reporters.JUnitReportReporter -->
<testsuite hostname="LAPTOP-B4CGR2NB" failures="0" tests="1" name="com.orangehrm.tests.LoginTest" time="11.540" errors="0" timestamp="2025-04-25T11:10:02 IST" skipped="0">
  <testcase classname="com.orangehrm.tests.LoginTest" name="testLogin" time="11.540"/>
  <system-out/>
</testsuite> <!-- com.orangehrm.tests.LoginTest -->
