<?xml version="1.0" encoding="UTF-8"?>
<!-- Generated by org.testng.reporters.JUnitReportReporter -->
<testsuite hostname="LAPTOP-B4CGR2NB" failures="0" tests="1" name="com.orangehrm.tests.LoginTest" time="15.151" errors="0" timestamp="2025-04-26T10:07:31 IST" skipped="0">
  <testcase classname="com.orangehrm.tests.LoginTest" name="testLogin" time="15.151"/>
  <system-out/>
</testsuite> <!-- com.orangehrm.tests.LoginTest -->
